INFO [2025-11-13 10:13:54] ========================================
INFO [2025-11-13 10:13:54] HCC Prediction Model Analysis Started
INFO [2025-11-13 10:13:54] Time: 2025-11-13 10:13:54.283106
INFO [2025-11-13 10:13:54] R Version: R version 4.4.2 (2024-10-31)
INFO [2025-11-13 10:13:54] Platform: Darwin 25.0.0
INFO [2025-11-13 10:13:54] ========================================
INFO [2025-11-13 13:39:02] ========================================
INFO [2025-11-13 13:39:02] HCC Prediction Model Analysis Started
INFO [2025-11-13 13:39:02] Time: 2025-11-13 13:39:02.230416
INFO [2025-11-13 13:39:02] R Version: R version 4.4.2 (2024-10-31)
INFO [2025-11-13 13:39:02] Platform: Darwin 25.0.0
INFO [2025-11-13 13:39:02] ========================================
INFO [2025-11-13 14:32:02] ========================================
INFO [2025-11-13 14:32:02] HCC Prediction Model Analysis Started
INFO [2025-11-13 14:32:02] Time: 2025-11-13 14:32:02.327392
INFO [2025-11-13 14:32:02] R Version: R version 4.4.2 (2024-10-31)
INFO [2025-11-13 14:32:02] Platform: Darwin 25.0.0
INFO [2025-11-13 14:32:02] ========================================
INFO [2025-11-13 14:34:56] ========================================
INFO [2025-11-13 14:34:56] HCC Prediction Model Analysis Started
INFO [2025-11-13 14:34:56] Time: 2025-11-13 14:34:56.999519
INFO [2025-11-13 14:34:56] R Version: R version 4.4.2 (2024-10-31)
INFO [2025-11-13 14:34:57] Platform: Darwin 25.0.0
INFO [2025-11-13 14:34:57] ========================================
